Function: sin(5*x)
Iterations: 20000
Positive: 2
Negative: 2
Error: 0.02577034756541252
Duration: 42.93799543380737
Iters per Second: 465.78792973304326

Function: -x**2
Iterations: 20000
Positive: 0
Negative: 1
Error: 0.08142967522144318
Duration: 19.834784030914307
Iters per Second: 1008.3296076644036

Function: x**2
Iterations: 20000
Positive: 1
Negative: 0
Error: 2.0868196137991324e-15
Duration: 16.970023155212402
Iters per Second: 1178.5487749235585

Function: -x**2
Iterations: 20000
Positive: 0
Negative: 1
Error: 0.0012514437548816204
Duration: 16.898234844207764
Iters per Second: 1183.555571596014

Function: sin(10*x)
Iterations: 20000
Positive: 4
Negative: 4
Error: 0.00013538489292841405
Duration: 79.72848176956177
Iters per Second: 250.8513840487487

Function: -x**2
Iterations: 20000
Positive: 0
Negative: 1
Error: 1.1646810662568896e-06
Duration: 23.01174783706665
Iters per Second: 869.1212915076613

Function: sin(5*x)
Iterations: 20000
Positive: 2
Negative: 2
Error: 0.0003030607185792178
Duration: 49.36098575592041
Iters per Second: 405.178294025483

Function: sin(10*x)
Iterations: 20000
Positive: 4
Negative: 4
Error: 0.00013538489292841405
Duration: 80.61733603477478
Iters per Second: 248.08559775992694

Function: sin(10*x)
Iterations: 20000
Positive: 4
Negative: 4
Error: 0.00021263273083604872
Duration: 83.81179332733154
Iters per Second: 238.62990166418354

Function: sin(10*x)
Iterations: 20000
Positive: 4
Negative: 4
Error: 0.0002079298283206299
Duration: 83.99549984931946
Iters per Second: 238.10799430776936

Function: sin(10*x)
Iterations: 20000
Positive: 4
Negative: 4
Error: 0.00021499887225218117
Duration: 82.31119441986084
Iters per Second: 242.98031562975603
Success: True

Function: sin(10*x)
Iterations: 20000
Positive: 4
Negative: 4
Error: 0.00021499887225218117
Duration: 82.73853874206543
Iters per Second: 241.72532297614438
Success: True

Function: sin(10*x)
Iterations: 20000
Positive: 4
Negative: 4
Error: 0.00021499887225218117
Duration: 82.53280305862427
Iters per Second: 242.32788974577423
Success: True

Function: sin(10*x)
Iterations: 20000
Positive: 4
Negative: 4
Error: 0.00021499887225218117
Duration: 83.14774823188782
Iters per Second: 240.53567805856517
Success: True

Function: sin(10*x)
Iterations: 20000
Positive: 4
Negative: 4
Error: 0.00021499887225218117
Duration: 82.21243619918823
Iters per Second: 243.2721973053206
Success: True

Function: sin(10*x)
Iterations: 20000
Positive: 4
Negative: 4
Error: 0.00021499887225218117
Duration: 82.92414236068726
Iters per Second: 241.18428518691098
Success: True

Function: sin(10*x)
Iterations: 20000
Positive: 4
Negative: 4
Error: 0.00021499887225218117
Duration: 80.24481797218323
Iters per Second: 249.23727793778505
Success: True

Function: x**2
Iterations: 20000
Positive: 1
Negative: 0
Error: 0.0004686458851210773
Duration: 22.454500198364258
Iters per Second: 890.6900542572281
Success: True

Function: 5*x**5 + 5*x**4 - 5*x**3 - 5*x**2 + 5*x - 5
Iterations: 20000
Positive: 1
Negative: 0
Error: 0.1978529393672943
Duration: 22.39950442314148
Iters per Second: 892.8768968360527
Success: True

Function: 5*x**5 + 5*x**4 - 5*x**3 - 5*x**2 + 5*x - 5
Iterations: 20000
Positive: 2
Negative: 2
Error: 0.00030000341939739883
Duration: 46.22021126747131
Iters per Second: 432.7111333235191
Success: True

Function: 5*x**5 - 5*x**4 + 5*x**3 - 5*x**2 + 5*x - 5
Iterations: 20000
Positive: 4
Negative: 4
Error: 0.46233102679252625
Duration: 83.45900011062622
Iters per Second: 239.63862463592525
Success: False

Function: 5*x**5 - 5*x**4 + 5*x**3 - 5*x**2 + 5*x - 5
Iterations: 20000
Positive: 4
Negative: 4
Error: 0.46233102679252625
Duration: 84.10049748420715
Iters per Second: 237.81072167564417
Success: False

Function: 5*x**5 - 5*x**4 + 5*x**3 - 5*x**2 + 5*x - 5
Iterations: 20000
Positive: 4
Negative: 4
Error: 0.46233102679252625
Duration: 84.64619088172913
Iters per Second: 236.2776138142443
Success: False

Function: 5*x**5 - 5*x**4 + 5*x**3 - 5*x**2 + 5*x - 5
Iterations: 20000
Positive: 4
Negative: 4
Error: 0.46233102679252625
Duration: 83.12801837921143
Iters per Second: 240.59276751629605
Success: False

Function: 5*x**5 - 5*x**4 + 5*x**3 - 5*x**2 + 5*x - 5
Iterations: 20000
Positive: 4
Negative: 4
Error: 0.46233102679252625
Duration: 82.70141959190369
Iters per Second: 241.83381734789427
Success: False

Function: 5*x**5 - 5*x**4 + 5*x**3 - 5*x**2 + 5*x - 5
Iterations: 20000
Positive: 4
Negative: 4
Error: 0.00023024471011012793
Duration: 81.45092940330505
Iters per Second: 245.54661495597932
Success: True

Function: 5*x**5 - 5*x**4 + 5*x**3 - 5*x**2 + 5*x - 5
Iterations: 20000
Positive: 4
Negative: 4
Error: 0.00023024471011012793
Duration: 86.48769760131836
Iters per Second: 231.24676173244706
Success: True

Function: 5*x**5 - 5*x**4 + 5*x**3 - 5*x**2 + 5*x - 5
Iterations: 20000
Positive: 4
Negative: 4
Error: 0.00023024471011012793
Duration: 84.83793711662292
Iters per Second: 235.74359160226743
Success: True

Function: 5*x**5 - 5*x**4 + 5*x**3 - 5*x**2 + 5*x - 5
Iterations: 20000
Positive: 4
Negative: 4
Error: 0.00023024471011012793
Duration: 81.71687293052673
Iters per Second: 244.7474956243542
Success: True
Autosave: True

Function: 5*x**5 - 5*x**4 + 5*x**3 - 5*x**2 + 5*x - 5
Iterations: 20000
Positive: 4
Negative: 4
Error: 0.00023024471011012793
Duration: 82.11606907844543
Iters per Second: 243.55768882329244
Success: True
Autosave: True

Function: 5*x**5 - 5*x**4 + 5*x**3 - 5*x**2 + 5*x - 5
Iterations: 20000
Positive: 4
Negative: 4
Error: 0.00023024471011012793
Duration: 82.0576331615448
Iters per Second: 243.73113419718678
Success: True
Autosave: True

Function: 5*x**5 - 5*x**4 + 5*x**3 - 5*x**2 + 5*x - 5
Iterations: 20000
Positive: 4
Negative: 4
Error: 0.00023024471011012793
Duration: 84.2228832244873
Iters per Second: 237.46515476906777
Success: True
Autosave: True

Function: 5*x**5 - 5*x**4 + 5*x**3 - 5*x**2 + 5*x - 5
Iterations: 20000
Positive: 4
Negative: 4
Error: 0.00023024471011012793
Duration: 81.96315884590149
Iters per Second: 244.01206934449533
Success: True
Autosave: True

Function: 5*x**5 - 5*x**4 + 5*x**3 - 5*x**2 + 5*x - 5
Iterations: 20000
Positive: 4
Negative: 4
Error: 0.00023024471011012793
Duration: 83.0768461227417
Iters per Second: 240.74096373917524
Success: True
Autosave: True

Function: 5*x**5 - 5*x**4 + 5*x**3 - 5*x**2 + 5*x - 5
Iterations: 20000
Positive: 4
Negative: 4
Error: 0.00023024471011012793
Duration: 80.10435628890991
Iters per Second: 249.6743114427712
Success: True
Autosave: True

Function: 5*x**5 - 5*x**4 + 5*x**3 - 5*x**2 + 5*x - 5
Iterations: 20000
Positive: 4
Negative: 4
Error: 0.00023024471011012793
Duration: 80.48693823814392
Iters per Second: 248.4875240355672
Success: True
Autosave: True

Function: 5*x**5 - 5*x**4 + 5*x**3 - 5*x**2 + 5*x - 5
Iterations: 20000
Positive: 4
Negative: 4
Error: 0.00023024471011012793
Duration: 82.16846561431885
Iters per Second: 243.4023788867582
Success: True
Autosave: True

Function: 5*x**5 - 5*x**4 + 5*x**3 - 5*x**2 + 5*x - 5
Iterations: 20000
Positive: 4
Negative: 4
Error: 0.00023024471011012793
Duration: 82.15730595588684
Iters per Second: 243.43544091792282
Success: True
Autosave: True

Function: 5*x**5 - 5*x**4 + 5*x**3 - 5*x**2 + 5*x - 5
Iterations: 20000
Positive: 4
Negative: 4
Error: 0.00023024471011012793
Duration: 82.31668424606323
Iters per Second: 242.96411089901855
Success: True
Autosave: True

Function: 5*x**5 - 5*x**4 + 5*x**3 - 5*x**2 + 5*x - 5
Iterations: 20000
Positive: 4
Negative: 4
Error: 0.00023024471011012793
Duration: 81.74866151809692
Iters per Second: 244.65232370284798
Success: True
Autosave: True

Function: 5*x**5 - 5*x**4 + 5*x**3 - 5*x**2 + 5*x - 5
Iterations: 20000
Positive: 4
Negative: 4
Error: 0.00023024471011012793
Duration: 80.96949553489685
Iters per Second: 247.00660252206026
Success: True
Autosave: True

Function: 5*x**5 - 5*x**4 + 5*x**3 - 5*x**2 + 5*x - 5
Iterations: 20000
Positive: 4
Negative: 4
Error: 0.00023024471011012793
Duration: 81.21751856803894
Iters per Second: 246.2522907941992
Success: True
Autosave: True

Function: 5*x**5 - 5*x**4 + 5*x**3 - 5*x**2 + 5*x - 5
Iterations: 20000
Positive: 4
Negative: 4
Error: 0.00023024471011012793
Duration: 81.50102829933167
Iters per Second: 245.39567680723368
Success: True
Autosave: True

Function: 5*x**5 - 5*x**4 + 5*x**3 - 5*x**2 + 5*x - 5
Iterations: 20000
Positive: 4
Negative: 4
Error: 0.00023024471011012793
Duration: 81.36474251747131
Iters per Second: 245.80671407772763
Success: True
Autosave: True

Function: 5*x**5 - 5*x**4 + 5*x**3 - 5*x**2 + 5*x - 5
Iterations: 20000
Positive: 4
Negative: 4
Error: 0.00023024471011012793
Duration: 81.06601738929749
Iters per Second: 246.71250228015327
Success: True
Autosave: True

Function: 5*x**5 - 5*x**4 + 5*x**3 - 5*x**2 + 5*x - 5
Iterations: 20000
Positive: 4
Negative: 4
Error: 0.00023024471011012793
Duration: 80.80536222457886
Iters per Second: 247.50832679166592
Success: True
Autosave: True

Function: sin(20*x)
Iterations: 200
Positive: 4
Negative: 4
Error: 0.4408266544342041
Duration: 2.308500051498413
Iters per Second: 86.63634201358713
Success: True
Autosave: False

Function: sin(20*x)
Iterations: 2000
Positive: 7
Negative: 7
Error: 0.37083861231803894
Duration: 14.315014123916626
Iters per Second: 139.71344929786173
Success: True
Autosave: False

Function: sin(10*x)
Iterations: 20000
Positive: 4
Negative: 4
Error: 0.0007102209492586553
Duration: 76.22889256477356
Iters per Second: 262.3677102878742
Success: True
Autosave: True

Function: sin(10*x)
Iterations: 20000
Positive: 4
Negative: 4
Error: 0.00936350878328085
Duration: 82.01628971099854
Iters per Second: 243.85399620580452
Success: True
Autosave: True

Function: sin(10*x)
Iterations: 20000
Positive: 4
Negative: 4
Error: 0.000133225490571931
Duration: 81.13004064559937
Iters per Second: 246.5178106759008
Success: True
Autosave: True

Function: sin(10*x)
Iterations: 20000
Positive: 4
Negative: 4
Error: 0.00014064754941500723
Duration: 81.53274703025818
Iters per Second: 245.30021038758406
Success: True
Autosave: True

Function: sin(10*x)
Iterations: 20000
Positive: 4
Negative: 4
Error: 0.0007071758154779673
Duration: 80.84686064720154
Iters per Second: 247.38128159701506
Success: True
Autosave: True

Function: sin(10*x)
Iterations: 20000
Positive: 4
Negative: 4
Error: 0.0011809375137090683
Duration: 80.93430924415588
Iters per Second: 247.11398894708134
Success: True
Autosave: True

Function: sin(10*x)
Iterations: 20000
Positive: 4
Negative: 4
Error: 0.0001657234679441899
Duration: 81.4379301071167
Iters per Second: 245.58580963064335
Success: True
Autosave: True

Function: sin(10*x)
Iterations: 20000
Positive: 4
Negative: 4
Error: 0.000126074708532542
Duration: 81.47728538513184
Iters per Second: 245.46718641229603
Success: True
Autosave: True

Function: sin(10*x)
Iterations: 20000
Positive: 4
Negative: 4
Error: 0.0001202542262035422
Duration: 81.5821545124054
Iters per Second: 245.15165258302656
Success: True
Autosave: True

Function: sin(10*x)
Iterations: 20000
Positive: 4
Negative: 4
Error: 9.688065620139241e-05
Duration: 81.64172530174255
Iters per Second: 244.9727749637981
Success: True
Autosave: True

Function: sin(10*x)
Iterations: 20000
Positive: 4
Negative: 4
Error: 0.00011633583198999986
Duration: 84.28910779953003
Iters per Second: 237.27858227622045
Success: True
Autosave: True

Function: sin(10*x)
Iterations: 20000
Positive: 4
Negative: 4
Error: 0.000173839638591744
Duration: 91.2928421497345
Iters per Second: 219.07522571371894
Success: True
Autosave: True

Function: sin(10*x)
Iterations: 20000
Positive: 4
Negative: 4
Error: 3.721627945196815e-05
Duration: 98.25150632858276
Iters per Second: 203.5592200806973
Success: True
Autosave: True

Function: sin(10*x)
Iterations: 20000
Positive: 4
Negative: 4
Error: 7.03194600646384e-05
Duration: 105.14642882347107
Iters per Second: 190.21092987929939
Success: True
Autosave: True

Function: sin(10*x)
Iterations: 20000
Positive: 4
Negative: 4
Error: 4.012827048427425e-05
Duration: 112.25403475761414
Iters per Second: 178.16731526118627
Success: True
Autosave: True

Function: sin(10*x)
Iterations: 20000
Positive: 4
Negative: 4
Error: 0.00014535619993694127
Duration: 118.44946956634521
Iters per Second: 168.84837115119134
Success: True
Autosave: True

Function: sin(10*x)
Iterations: 20000
Positive: 4
Negative: 4
Error: 8.815047476673499e-05
Duration: 125.89943385124207
Iters per Second: 158.85694945722497
Success: True
Autosave: True

Function: sin(10*x)
Iterations: 20000
Positive: 4
Negative: 4
Error: 0.0001623907737666741
Duration: 132.68422937393188
Iters per Second: 150.73381436791422
Success: True
Autosave: True

Function: sin(10*x)
Iterations: 20000
Positive: 4
Negative: 4
Error: 0.00017359174671582878
Duration: 141.32341837882996
Iters per Second: 141.51936196723057
Success: True
Autosave: True

Function: sin(10*x)
Iterations: 20000
Positive: 4
Negative: 4
Error: 0.0001263737358385697
Duration: 145.6846284866333
Iters per Second: 137.28284313698214
Success: True
Autosave: True

Function: sin(10*x)
Iterations: 20000
Positive: 4
Negative: 4
Error: 0.00020683338516391814
Duration: 152.95301628112793
Iters per Second: 130.75910816456187
Success: True
Autosave: True

Function: sin(10*x)
Iterations: 20000
Positive: 4
Negative: 4
Error: 9.939885785570368e-05
Duration: 161.26428055763245
Iters per Second: 124.02002434043305
Success: True
Autosave: True

Function: sin(10*x)
Iterations: 20000
Positive: 4
Negative: 4
Error: 0.00019250823243055493
Duration: 166.84689617156982
Iters per Second: 119.87037493004281
Success: True
Autosave: True

Function: sin(10*x)
Iterations: 20000
Positive: 4
Negative: 4
Error: 0.00017185835167765617
Duration: 172.84710478782654
Iters per Second: 115.70919874272943
Success: True
Autosave: True

Function: sin(10*x)
Iterations: 20000
Positive: 4
Negative: 4
Error: 0.00015387222811114043
Duration: 184.03401732444763
Iters per Second: 108.67556058802147
Success: True
Autosave: True

Function: sin(10*x)
Iterations: 20000
Positive: 4
Negative: 4
Error: 0.00013620982645079494
Duration: 186.40238881111145
Iters per Second: 107.29476230192925
Success: True
Autosave: True

Function: sin(10*x)
Iterations: 20000
Positive: 4
Negative: 4
Error: 0.0007102209492586553
Duration: 81.3016402721405
Iters per Second: 245.9974968900273
Success: True
Autosave: False

Function: sin(10*x)
Iterations: 20000
Positive: 4
Negative: 4
Error: 0.0007102209492586553
Duration: 77.89687538146973
Iters per Second: 256.749707893388
Success: True
Autosave: False

Function: sin(10*x)
Iterations: 20000
Positive: 4
Negative: 4
Error: 0.0007102209492586553
Duration: 82.5798716545105
Iters per Second: 242.18976851494784
Success: True
Autosave: False

Function: 25*x**5 - 50*x**4 + 100*x**3 - 200*x**2 + 400*x - 800
Iterations: 20000
Positive: 4
Negative: 4
Error: 22.01958465576172
Duration: 74.77325892448425
Iters per Second: 267.4753018348257
Success: True
Autosave: True

Function: 5*x**5 - 5*x**4 + 5*x**3 - 5*x**2 + 5*x - 5
Iterations: 20000
Positive: 4
Negative: 4
Error: 0.45730331540107727
Duration: 77.77278709411621
Iters per Second: 257.1593580129401
Success: True
Autosave: True

Function: 5*x**5 - 5*x**4 + 5*x**3 - 5*x**2 + 5*x - 5
Iterations: 20000
Positive: 4
Negative: 4
Error: 0.04460600018501282
Duration: 74.65597915649414
Iters per Second: 267.8954884253266
Success: True
Autosave: True

Function: 5*x**5 - 5*x**4 + 5*x**3 - 5*x**2 + 5*x - 5
Iterations: 5000
Positive: 4
Negative: 4
Error: 0.04698513075709343
Duration: 19.63630437850952
Iters per Second: 254.63039804333698
Success: True
Autosave: True

Function: 5*x**5 - 5*x**4 + 5*x**3 - 5*x**2 + 5*x - 5
Iterations: 5000
Positive: 4
Negative: 4
Error: 0.04698513075709343
Duration: 20.19875931739807
Iters per Second: 247.5399563622347
Success: True
Autosave: True

Function: 5*x**5 - 5*x**4 + 5*x**3 - 5*x**2 + 5*x - 5
Iterations: 5000
Positive: 4
Negative: 4
Error: 0.04698513075709343
Duration: 20.41918420791626
Iters per Second: 244.8677649943313
Success: True
Autosave: True

Function: sin(10*x)
Iterations: 5000
Positive: 1
Negative: 1
Error: 0.00013243347348179668
Duration: 8.728749513626099
Iters per Second: 572.8197369158895
Success: True
Autosave: True

Function: tan(10*x)
Iterations: 5000
Positive: 1
Negative: 1
Error: 3846.375244140625
Duration: 8.680053234100342
Iters per Second: 576.0333335695531
Success: True
Autosave: True

Function: tan(x)
Iterations: 5000
Positive: 1
Negative: 1
Error: 1.1143793017254211e-05
Duration: 8.594872951507568
Iters per Second: 581.7421651500949
Success: True
Autosave: True

Function: tan(1.57*x)
Iterations: 5000
Positive: 1
Negative: 1
Error: 3147.503173828125
Duration: 8.639046907424927
Iters per Second: 578.7675485015243
Success: True
Autosave: True

Function: tan(1.57*x)
Iterations: 5000
Positive: 4
Negative: 4
Error: 2884.274169921875
Duration: 20.307288885116577
Iters per Second: 246.2170124375663
Success: True
Autosave: True

Function: sin(10*x)
Iterations: 5000
Positive: 1
Negative: 1
Error: 0.00013207963552199216
Duration: 17.517305374145508
Iters per Second: 285.43202811202343
Success: True
Autosave: True

Function: sin(10*x)
Iterations: 5000
Positive: 1
Negative: 1
Error: 0.0001320943410973996
Duration: 18.81007742881775
Iters per Second: 265.8149610984488
Success: True
Autosave: False

Function: sin(10*x)
Iterations: 5000
Positive: 1
Negative: 1
Error: 0.0001320943410973996
Duration: 17.72429656982422
Iters per Second: 282.0986424088924
Success: True
Autosave: False
Function: sqrt(x**2 + y**2) - 1.0
Iterations: 20000
Positive: 1
Negative: 1
Error: 1.0089817806147039e-05
Duration: 28.363332509994507
Iters per Second: 705.1357590985656
Success: False
Autosave: False
Function: sqrt(x**2 + y**2) - 1.0
Iterations: 5000
Positive: 1
Negative: 1
Error: 0.0003267737338319421
Duration: 5.825217247009277
Iters per Second: 858.3370864952802
Success: True
Autosave: True

Function: sqrt(x**2 + y**2) - 1.0
Iterations: 5000
Positive: 1
Negative: 1
Error: 8.779316704021767e-05
Duration: 6.637300252914429
Iters per Second: 753.3183387032261
Success: True
Autosave: True

Function: sqrt(x**2 + y**2) - 1.0
Iterations: 5000
Positive: 1
Negative: 1
Error: 3.1217768370339627e-09
Duration: 5.173415660858154
Iters per Second: 966.4794649751015
Success: True
Autosave: True

Function: sqrt(x**2 + y**2) - 1.0
Iterations: 5000
Positive: 1
Negative: 1
Error: 1.411258381267544e-07
Duration: 6.707051753997803
Iters per Second: 745.4840343254698
Success: True
Autosave: True

Function: sqrt(x**2 + y**2) - 1.0
Iterations: 5000
Positive: 1
Negative: 1
Error: 1.2848197911807802e-05
Duration: 6.884666204452515
Iters per Second: 726.2516223032504
Success: True
Autosave: True

Function: sqrt(x**2 + y**2) - 1.0
Iterations: 5000
Positive: 1
Negative: 1
Error: 1.2565420547616668e-05
Duration: 5.077513933181763
Iters per Second: 984.7338807530973
Success: True
Autosave: True

Function: sqrt(x**2 + y**2) - 1.0
Iterations: 5000
Positive: 1
Negative: 1
Error: 0.0002274225262226537
Duration: 5.301516056060791
Iters per Second: 943.1264466857377
Success: True
Autosave: True

Function: sqrt(x**2 + y**2) - 1.0
Iterations: 5000
Positive: 1
Negative: 1
Error: 1.869528932729736e-05
Duration: 5.28364372253418
Iters per Second: 946.3166448327185
Success: True
Autosave: True

Function: sqrt(x**2 + y**2) - 1.0
Iterations: 5000
Positive: 1
Negative: 1
Error: 1.0136298442375846e-05
Duration: 7.027191400527954
Iters per Second: 711.521817895034
Success: True
Autosave: True

Function: sqrt(x**2 + y**2) - 1.0
Iterations: 5000
Positive: 1
Negative: 1
Error: 2.2570127384824445e-06
Duration: 6.437158584594727
Iters per Second: 776.7402238568264
Success: True
Autosave: True

Function: sqrt(x**2 + y**2) - 1.0
Iterations: 5000
Positive: 1
Negative: 1
Error: 1.5048749446577858e-06
Duration: 6.366659164428711
Iters per Second: 785.3412395523857
Success: True
Autosave: True

Function: sqrt(x**2 + y**2) - 1.0
Iterations: 5000
Positive: 1
Negative: 1
Error: 4.4537806388689205e-05
Duration: 6.202274560928345
Iters per Second: 806.1558628019862
Success: True
Autosave: True

Function: sqrt(x**2 + y**2) - 1.0
Iterations: 5000
Positive: 1
Negative: 1
Error: 8.759414777159691e-05
Duration: 6.233083963394165
Iters per Second: 802.1711289891399
Success: True
Autosave: True

Function: sqrt(x**2 + y**2) - 1.0
Iterations: 5000
Positive: 1
Negative: 1
Error: 1.451441949029686e-05
Duration: 7.1162614822387695
Iters per Second: 702.6161155656417
Success: True
Autosave: True

Function: sqrt(x**2 + y**2) - 1.0
Iterations: 5000
Positive: 1
Negative: 1
Error: 4.3672006455608425e-08
Duration: 8.65284776687622
Iters per Second: 577.8444432063617
Success: True
Autosave: True

Function: sqrt(x**2 + y**2) - 1.0
Iterations: 5000
Positive: 1
Negative: 1
Error: 3.7092593441201416e-09
Duration: 7.280958652496338
Iters per Second: 686.7227570761864
Success: True
Autosave: True

Function: sqrt(x**2 + y**2) - 1.0
Iterations: 5000
Positive: 1
Negative: 1
Error: 2.4203159227909055e-06
Duration: 7.340949296951294
Iters per Second: 681.1108206504719
Success: True
Autosave: True

Function: sqrt(x**2 + y**2) - 1.0
Iterations: 5000
Positive: 1
Negative: 1
Error: 1.3609454754259787e-06
Duration: 5.602527856826782
Iters per Second: 892.4542863106711
Success: True
Autosave: True

Function: sqrt(x**2 + y**2) - 1.0
Iterations: 5000
Positive: 1
Negative: 0
Error: 2.1600498896056503e-14
Duration: 5.390186786651611
Iters per Second: 927.6116390589879
Success: True
Autosave: True

Function: sqrt(x**2 + y**2) - 1.0
Iterations: 5000
Positive: 1
Negative: 1
Error: 1.3984986253490206e-05
Duration: 5.3829991817474365
Iters per Second: 928.8502247880508
Success: True
Autosave: True

Function: sqrt(x**2 + y**2) - 1.0
Iterations: 5000
Positive: 1
Negative: 1
Error: 3.1281246037906385e-07
Duration: 7.285053491592407
Iters per Second: 686.3367586484354
Success: True
Autosave: True

Function: sqrt(x**2 + y**2) - 1.0
Iterations: 5000
Positive: 1
Negative: 1
Error: 2.815966581692919e-06
Duration: 7.341942548751831
Iters per Second: 681.0186768418702
Success: True
Autosave: True

Function: sqrt(x**2 + y**2) - 1.0
Iterations: 5000
Positive: 1
Negative: 1
Error: 3.6178855111757e-07
Duration: 7.254941701889038
Iters per Second: 689.185413950067
Success: True
Autosave: True

Function: sqrt(x**2 + y**2) - 1.0
Iterations: 5000
Positive: 1
Negative: 1
Error: 4.7442654249607585e-08
Duration: 7.419799327850342
Iters per Second: 673.8726721668086
Success: True
Autosave: True

Function: sqrt(x**2 + y**2) - 1.0
Iterations: 5000
Positive: 1
Negative: 1
Error: 5.806933586427476e-06
Duration: 7.367447376251221
Iters per Second: 678.6611080680906
Success: True
Autosave: True

Function: sqrt(x**2 + y**2) - 1.0
Iterations: 5000
Positive: 1
Negative: 1
Error: 4.5463246351573616e-05
Duration: 7.435576915740967
Iters per Second: 672.4427783693691
Success: True
Autosave: True

Function: sqrt(x**2 + y**2) - 1.0
Iterations: 5000
Positive: 1
Negative: 1
Error: 1.333935961156385e-05
Duration: 7.344992399215698
Iters per Second: 680.735898451563
Success: True
Autosave: True

Function: sqrt(x**2 + y**2) - 1.0
Iterations: 5000
Positive: 1
Negative: 1
Error: 0.0001663380826357752
Duration: 7.198201417922974
Iters per Second: 694.6179621412622
Success: True
Autosave: True

Function: sqrt(x**2 + y**2) - 1.0
Iterations: 5000
Positive: 1
Negative: 1
Error: 7.050215117487824e-06
Duration: 5.638320684432983
Iters per Second: 886.7888649548893
Success: True
Autosave: True

Function: sqrt(x**2 + y**2) - 1.0
Iterations: 5000
Positive: 1
Negative: 1
Error: 6.970337562961504e-05
Duration: 7.276855230331421
Iters per Second: 687.1100003692499
Success: True
Autosave: True

Function: sqrt(x**2 + y**2) - 1.0
Iterations: 5000
Positive: 1
Negative: 1
Error: 2.962802318506874e-05
Duration: 6.558893203735352
Iters per Second: 762.3237404067584
Success: True
Autosave: True

Function: sqrt(x**2 + y**2) - 1.0
Iterations: 5000
Positive: 1
Negative: 1
Error: 3.85379207727965e-05
Duration: 5.380234479904175
Iters per Second: 929.3275262770802
Success: True
Autosave: True

Function: sqrt(x**2 + y**2) - 1.0
Iterations: 5000
Positive: 1
Negative: 1
Error: 2.9550710678449832e-05
Duration: 6.049432039260864
Iters per Second: 826.5238732413156
Success: True
Autosave: True

Function: sqrt(x**2 + y**2) - 1.0
Iterations: 5000
Positive: 1
Negative: 1
Error: 3.87423506253981e-06
Duration: 7.3664305210113525
Iters per Second: 678.7547898182768
Success: True
Autosave: True

Function: sqrt(x**2 + y**2) - 1.0
Iterations: 5000
Positive: 1
Negative: 1
Error: 5.02149123349227e-05
Duration: 5.542580604553223
Iters per Second: 902.1068626214487
Success: True
Autosave: True

Function: sqrt(x**2 + y**2) - 1.0
Iterations: 5000
Positive: 1
Negative: 1
Error: 0.00013798954023513943
Duration: 5.494680166244507
Iters per Second: 909.9710717862201
Success: True
Autosave: True

Function: sqrt(x**2 + y**2) - 1.0
Iterations: 5000
Positive: 1
Negative: 1
Error: 8.544651791453362e-06
Duration: 7.341310501098633
Iters per Second: 681.077308915315
Success: True
Autosave: True

Function: sqrt(x**2 + y**2) - 1.0
Iterations: 5000
Positive: 1
Negative: 1
Error: 1.4137517609924544e-06
Duration: 5.457339286804199
Iters per Second: 916.1973880000385
Success: True
Autosave: True

Function: sqrt(x**2 + y**2) - 1.0
Iterations: 5000
Positive: 1
Negative: 1
Error: 6.251309969229624e-05
Duration: 7.343571424484253
Iters per Second: 680.8676202602817
Success: True
Autosave: True

Function: sqrt(x**2 + y**2) - 1.0
Iterations: 5000
Positive: 1
Negative: 1
Error: 5.323118834610341e-09
Duration: 7.236032485961914
Iters per Second: 690.9863947819646
Success: True
Autosave: True

Function: sqrt(x**2 + y**2) - 1.0
Iterations: 5000
Positive: 1
Negative: 1
Error: 3.79361085833807e-06
Duration: 5.460649490356445
Iters per Second: 915.6419962185897
Success: True
Autosave: True

Function: sqrt(x**2 + y**2) - 1.0
Iterations: 5000
Positive: 1
Negative: 1
Error: 3.9329028368229046e-05
Duration: 5.45056414604187
Iters per Second: 917.3362364024164
Success: True
Autosave: True

Function: sqrt(x**2 + y**2) - 1.0
Iterations: 5000
Positive: 1
Negative: 0
Error: 3.134779035462998e-05
Duration: 4.271280765533447
Iters per Second: 1170.6090689113344
Success: True
Autosave: True

Function: sqrt(x**2 + y**2) - 1.0
Iterations: 5000
Positive: 1
Negative: 0
Error: 1.3335465544328517e-12
Duration: 5.113616466522217
Iters per Second: 977.7815823173208
Success: True
Autosave: True

Function: sqrt(x**2 + y**2) - 1.0
Iterations: 5000
Positive: 1
Negative: 1
Error: 2.6902185709332116e-05
Duration: 5.137114524841309
Iters per Second: 973.3090387262596
Success: True
Autosave: True

Function: sqrt(x**2 + y**2) - 2.0
Iterations: 5000
Positive: 1
Negative: 1
Error: 1.1961068366872496e-06
Duration: 5.9130425453186035
Iters per Second: 845.5883687085144
Success: True
Autosave: True

Function: sqrt(x**2 + y**2)
Iterations: 5000
Positive: 1
Negative: 1
Error: 6.999015022302046e-05
Duration: 5.541564464569092
Iters per Second: 902.272279239613
Success: True
Autosave: True

Function: sqrt(x**2 + y**2)
Iterations: 5000
Positive: 1
Negative: 1
Error: 7.563274721178459e-06
Duration: 5.6489996910095215
Iters per Second: 885.1124576900907
Success: True
Autosave: True

Function: sqrt(max(abs(x) - 0.5,0)**2 + max(abs(y)- 0.5,0)**2)
Iterations: 5000
Positive: 1
Negative: 1
Error: 6.563427177752601e-06
Duration: 6.243058204650879
Iters per Second: 800.8895378029889
Success: True
Autosave: True

Function: sqrt(max(abs(x) - 0.5,0)**2 + max(abs(y)- 0.5,0)**2)
Iterations: 5000
Positive: 1
Negative: 1
Error: 1.4923571143299341e-06
Duration: 7.294821739196777
Iters per Second: 685.417708445682
Success: True
Autosave: True

